Input: data/spam/spam.train.group_x.txt
Model: cs489-2016w-qaovxtazypdl-a6-model-group_x
doShuffle: false  -> test 0.058602912090781833
1.8292974914323936E-4
Input: data/spam/spam.test.qrels.txt
Model: cs489-2016w-qaovxtazypdl-a6-model-group_x
Output: cs489-2016w-qaovxtazypdl-a6-test-group_x
(547993,2.019484093190069E-4)
(577107,5.255371091500805E-5)
(12572,-4.40967560913553E-4)
(270898,-0.001340150007664197)
(946531,2.560528666942676E-4)
(643588,-0.0015502693269333243)
(112222,1.8292974914323936E-4)
(513963,9.858585991850935E-4)
(484912,3.607555067670063E-4)
(912501,-0.001426654715625957)
(clueweb09-en0000-00-00142,spam,2.601624279252943,spam)
(clueweb09-en0000-00-01005,ham,2.5654162439491004,spam)
(clueweb09-en0000-00-01382,ham,2.5893946346394188,spam)
(clueweb09-en0000-00-01383,ham,2.6190102258752614,spam)
(clueweb09-en0000-00-03449,ham,1.500142758578532,spam)
1-ROCA%: 17.25
Input: data/spam/spam.train.group_y.txt
Model: cs489-2016w-qaovxtazypdl-a6-model-group_y
doShuffle: false  -> test 0.7029664729473497
1.1782993073132753E-4
Input: data/spam/spam.test.qrels.txt
Model: cs489-2016w-qaovxtazypdl-a6-model-group_y
Output: cs489-2016w-qaovxtazypdl-a6-test-group_y
(577107,6.121547848356724E-7)
(440161,6.971155820903411E-4)
(270898,-2.3512967366433047E-4)
(108167,1.9416710495790567E-4)
(112222,1.1782993073132753E-4)
(650909,-0.0021397736951189643)
(484912,-0.0012119394997762807)
(373814,-0.002997422310349092)
(775555,7.302507024410652E-4)
(746504,-3.1438134172755323E-5)
(clueweb09-en0000-00-00142,spam,0.9822581283637455,spam)
(clueweb09-en0000-00-01005,ham,-1.3361297298703563,ham)
(clueweb09-en0000-00-01382,ham,-0.9636716152182709,ham)
(clueweb09-en0000-00-01383,ham,-0.9822945289560242,ham)
(clueweb09-en0000-00-03449,ham,-1.656499629571481,ham)
1-ROCA%: 12.82
Input: data/spam/spam.train.britney.txt
Model: cs489-2016w-qaovxtazypdl-a6-model-britney
doShuffle: false  -> test 0.8240643459254128
